[21:38:55] [main/INFO]: Loading Minecraft 1.21.8 with Fabric Loader 0.16.14
[21:38:55] [main/INFO]: Loading 40 mods:
	- fabric-api 0.132.0+1.21.8
	   |-- fabric-api-base 0.5.0+cd8c0daa2c
	   |-- fabric-api-lookup-api-v1 1.6.101+946bf4c32c
	   |-- fabric-biome-api-v1 16.0.11+946bf4c32c
	   |-- fabric-block-api-v1 1.1.3+946bf4c32c
	   |-- fabric-block-view-api-v2 1.0.31+946bf4c32c
	   |-- fabric-command-api-v2 2.3.1+52fff9ec2c
	   |-- fabric-content-registries-v0 10.0.19+946bf4c32c
	   |-- fabric-convention-tags-v1 2.1.41+7f945d5b2c
	   |-- fabric-convention-tags-v2 2.15.6+eb5df52f2c
	   |-- fabric-crash-report-info-v1 0.3.15+946bf4c32c
	   |-- fabric-data-attachment-api-v1 1.8.12+38b5f74e2c
	   |-- fabric-data-generation-api-v1 23.2.6+0b1ef9762c
	   |-- fabric-dimensions-v1 4.0.19+946bf4c32c
	   |-- fabric-entity-events-v1 2.1.2+c9e472732c
	   |-- fabric-events-interaction-v0 4.0.24+946bf4c32c
	   |-- fabric-game-rule-api-v1 1.0.73+c64c9c5b2c
	   |-- fabric-item-api-v1 11.5.0+02ce13f42c
	   |-- fabric-item-group-api-v1 4.2.14+c5f9bbc12c
	   |-- fabric-key-binding-api-v1 1.0.65+946bf4c32c
	   |-- fabric-lifecycle-events-v1 2.6.4+db4dfd852c
	   |-- fabric-loot-api-v2 3.0.56+3f89f5a52c
	   |-- fabric-loot-api-v3 2.0.3+946bf4c32c
	   |-- fabric-message-api-v1 6.1.2+946bf4c32c
	   |-- fabric-model-loading-api-v1 5.2.6+946bf4c32c
	   |-- fabric-networking-api-v1 5.0.2+946bf4c32c
	   |-- fabric-object-builder-api-v1 21.1.8+946bf4c32c
	   |-- fabric-particles-v1 4.1.8+946bf4c32c
	   |-- fabric-recipe-api-v1 8.1.15+946bf4c32c
	   |-- fabric-registry-sync-v0 6.1.28+946bf4c32c
	   |-- fabric-renderer-api-v1 7.0.3+208eed172c
	   |-- fabric-renderer-indigo 4.0.3+946bf4c32c
	   |-- fabric-rendering-fluids-v1 3.1.31+fa6cb72b2c
	   |-- fabric-rendering-v1 12.5.0+fbe231d52c
	   |-- fabric-resource-conditions-api-v1 5.0.25+98e6d6db2c
	   |-- fabric-resource-loader-v0 3.1.12+020423442c
	   |-- fabric-screen-api-v1 2.1.1+277ecf7d2c
	   |-- fabric-screen-handler-api-v1 1.3.137+946bf4c32c
	   |-- fabric-serialization-api-v1 1.0.0+fc0e5aba2c
	   |-- fabric-sound-api-v1 1.0.42+946bf4c32c
	   |-- fabric-tag-api-v1 1.2.2+946bf4c32c
	   |-- fabric-transfer-api-v1 6.0.6+946bf4c32c
	   \-- fabric-transitive-access-wideners-v1 6.4.1+ac3e15d12c
	- fabricloader 0.16.14
	   \-- mixinextras 0.4.1
	- java 21
	- minecraft 1.21.8
[21:38:56] [main/INFO]: SpongePowered MIXIN Subsystem Version=0.8.7 Source=file:/workspaces/Mundo-solo/servidor_minecraft/libraries/net/fabricmc/sponge-mixin/0.15.5+mixin.0.8.7/sponge-mixin-0.15.5+mixin.0.8.7.jar Service=Knot/Fabric Env=SERVER
[21:38:56] [main/INFO]: Compatibility level set to JAVA_21
[21:38:57] [main/INFO]: Initializing MixinExtras via com.llamalad7.mixinextras.service.MixinExtrasServiceImpl(version=0.4.1).
[21:39:09] [main/INFO]: Environment: Environment[sessionHost=https://sessionserver.mojang.com, servicesHost=https://api.minecraftservices.com, name=PROD]
[21:39:14] [main/INFO]: Loaded 1407 recipes
[21:39:14] [main/INFO]: Loaded 1520 advancements
[21:39:14] [main/INFO]: Applied 0 biome modifications to 0 of 65 new biomes in 4.280 ms
[21:39:14] [Server thread/INFO]: Starting minecraft server version 1.21.8
[21:39:14] [Server thread/INFO]: Loading properties
[21:39:14] [Server thread/INFO]: Default game type: SURVIVAL
[21:39:14] [Server thread/INFO]: Generating keypair
[21:39:15] [Server thread/INFO]: Starting Minecraft server on *:25565
[21:39:15] [Server thread/INFO]: Using epoll channel type
[21:39:15] [Server thread/WARN]: **** SERVER IS RUNNING IN OFFLINE/INSECURE MODE!
[21:39:15] [Server thread/WARN]: The server will make no attempt to authenticate usernames. Beware.
[21:39:15] [Server thread/WARN]: While this makes the game possible to play without internet access, it also opens up the ability for hackers to connect with any username they choose.
[21:39:15] [Server thread/WARN]: To change this, set "online-mode" to "true" in the server.properties file.
[21:39:15] [Server thread/INFO]: Preparing level "world"
[21:39:15] [Server thread/INFO]: Preparing start region for dimension minecraft:overworld
[21:39:25] [Worker-Main-1/INFO]: Preparing spawn area: 0%
[21:39:25] [Worker-Main-1/INFO]: Preparing spawn area: 0%
[21:39:25] [Worker-Main-1/INFO]: Preparing spawn area: 0%
[21:39:25] [Worker-Main-1/INFO]: Preparing spawn area: 0%
[21:39:25] [Worker-Main-1/INFO]: Preparing spawn area: 0%
[21:39:25] [Worker-Main-1/INFO]: Preparing spawn area: 0%
[21:39:25] [Worker-Main-1/INFO]: Preparing spawn area: 0%
[21:39:25] [Worker-Main-1/INFO]: Preparing spawn area: 0%
[21:39:25] [Worker-Main-1/INFO]: Preparing spawn area: 0%
[21:39:25] [Worker-Main-1/INFO]: Preparing spawn area: 0%
[21:39:25] [Worker-Main-1/INFO]: Preparing spawn area: 0%
[21:39:25] [Worker-Main-1/INFO]: Preparing spawn area: 0%
[21:39:25] [Worker-Main-1/INFO]: Preparing spawn area: 0%
[21:39:25] [Worker-Main-1/INFO]: Preparing spawn area: 0%
[21:39:25] [Worker-Main-1/INFO]: Preparing spawn area: 0%
[21:39:25] [Worker-Main-1/INFO]: Preparing spawn area: 0%
[21:39:25] [Worker-Main-1/INFO]: Preparing spawn area: 0%
[21:39:25] [Worker-Main-1/INFO]: Preparing spawn area: 0%
[21:39:25] [Worker-Main-1/INFO]: Preparing spawn area: 0%
[21:39:25] [Worker-Main-1/INFO]: Preparing spawn area: 0%
[21:39:26] [Worker-Main-1/INFO]: Preparing spawn area: 69%
[21:39:26] [Server thread/INFO]: Time elapsed: 10123 ms
[21:39:26] [Server thread/INFO]: Done (10.676s)! For help, type "help"
[21:39:46] [Server thread/INFO]: Jmat250x[/127.31.58.135:48353] logged in with entity id 40 at (-139.8046818035654, 47.0, -165.62211373968847)
[21:39:46] [Server thread/INFO]: Jmat250x joined the game
[21:40:46] [Server thread/INFO]: Jmat250x has made the advancement [Acquire Hardware]
[21:41:47] [Server thread/INFO]: [Not Secure] <Jmat250x> a
[21:43:34] [Server thread/INFO]: Jmat250x was slain by Zombie
[21:45:20] [Server thread/INFO]: Jmat250x has made the advancement [Isn't It Iron Pick]
[21:50:32] [Server thread/INFO]: Jmat250x has made the advancement [Not Today, Thank You]
[21:59:56] [Server thread/INFO]: Jmat250x has made the advancement [Suit Up]
[22:09:40] [Server thread/INFO]: Jmat250x has made the advancement [Diamonds!]
[22:11:20] [Server thread/INFO]: Jmat250x has made the advancement [Sneak 100]
[22:12:09] [Server thread/INFO]: Jmat250x has completed the challenge [It Spreads]
